
Station directory: /Volumes/WDMyPassport5TB-2/psws/sample_data3/N000020
No 'OBS' directories found in /Volumes/WDMyPassport5TB-2/psws/sample_data3/N000020

Station directory: /Volumes/WDMyPassport5TB-2/psws/sample_data3/N000022
No 'OBS' directories found in /Volumes/WDMyPassport5TB-2/psws/sample_data3/N000022

Station directory: /Volumes/WDMyPassport5TB-2/psws/sample_data3/N000024
No 'OBS' directories found in /Volumes/WDMyPassport5TB-2/psws/sample_data3/N000024

Station directory: /Volumes/WDMyPassport5TB-2/psws/sample_data3/N000027
No 'OBS' directories found in /Volumes/WDMyPassport5TB-2/psws/sample_data3/N000027

Station directory: /Volumes/WDMyPassport5TB-2/psws/sample_data3/N000029
No 'OBS' directories found in /Volumes/WDMyPassport5TB-2/psws/sample_data3/N000029

Station directory: /Volumes/WDMyPassport5TB-2/psws/sample_data3/N000070
No 'OBS' directories found in /Volumes/WDMyPassport5TB-2/psws/sample_data3/N000070

Station directory: /Volumes/WDMyPassport5TB-2/psws/sample_data3/N000090
No 'OBS' directories found in /Volumes/WDMyPassport5TB-2/psws/sample_data3/N000090

Station directory: /Volumes/WDMyPassport5TB-2/psws/sample_data3/N000091
No 'OBS' directories found in /Volumes/WDMyPassport5TB-2/psws/sample_data3/N000091

Station directory: /Volumes/WDMyPassport5TB-2/psws/sample_data3/N000092
No 'OBS' directories found in /Volumes/WDMyPassport5TB-2/psws/sample_data3/N000092

Station directory: /Volumes/WDMyPassport5TB-2/psws/sample_data3/N000093
No 'OBS' directories found in /Volumes/WDMyPassport5TB-2/psws/sample_data3/N000093

Station directory: /Volumes/WDMyPassport5TB-2/psws/sample_data3/N000094
No 'OBS' directories found in /Volumes/WDMyPassport5TB-2/psws/sample_data3/N000094

Station directory: /Volumes/WDMyPassport5TB-2/psws/sample_data3/N000095
No 'OBS' directories found in /Volumes/WDMyPassport5TB-2/psws/sample_data3/N000095

Station directory: /Volumes/WDMyPassport5TB-2/psws/sample_data3/N001001
No 'OBS' directories found in /Volumes/WDMyPassport5TB-2/psws/sample_data3/N001001

Station directory: /Volumes/WDMyPassport5TB-2/psws/sample_data3/N001002
No 'OBS' directories found in /Volumes/WDMyPassport5TB-2/psws/sample_data3/N001002

Station directory: /Volumes/WDMyPassport5TB-2/psws/sample_data3/S000004
Reading: /Volumes/WDMyPassport5TB-2/psws/sample_data3/S000004/OBS2022-07-07T15-00
  Channels: ['ch0']
  Channel start Unix time: 16572069320
  Channel stop Unix time:  16577359199
  Properties:
    H5Tget_class: 1
    H5Tget_offset: 0
    H5Tget_order: 0
    H5Tget_precision: 32
    H5Tget_size: 4
    digital_rf_time_description: All times in this format are in number of samples since the epoch in the epoch attribute.  The first sample time will be sample_rate * UTC time at first sample.  Attribute init_utc_timestamp records this init UTC time so that a conversion to any other time is possible given the number of leapseconds difference at init_utc_timestamp.  Leapseconds that occur during data recording are included in the data.
    digital_rf_version: 2.6.0
    epoch: 1970-01-01T00:00:00Z
    file_cadence_millisecs: 60000
    is_complex: 1
    is_continuous: 1
    num_subchannels: 1
    sample_rate_denominator: 1
    sample_rate_numerator: 10
    subdir_cadence_secs: 3600
    samples_per_second: 10.0
  Computed start UTC time: 2022-07-07 15:15:32
  Computed stop UTC time:  2022-07-13 18:11:59.900000

  Found 33 continuous blocks
    Block 1:
      Block start:    16572069320
      Block length:   280
      Computed start: 2022-07-07 15:15:32
      Computed stop:  2022-07-07 15:15:59.900000
      Metadata:
        center_frequencies: [5.]
        lat: 0.0
        long: 0.0
        sample_rate_denominator: 1
        sample_rate_numerator: 10
        uuid_str: grape19
        samples_per_second: 10.0
      Data: Not read because read_data is set to False.
    Block 2:
      Block start:    16572095400
      Block length:   1200
      Computed start: 2022-07-07 15:59:00
      Computed stop:  2022-07-07 16:00:59.900000
      Metadata: No metadata for this block.
      Data: Not read because read_data is set to False.
    Block 3:
      Block start:    16572131400
      Block length:   1200
      Computed start: 2022-07-07 16:59:00
      Computed stop:  2022-07-07 17:00:59.900000
      Metadata: No metadata for this block.
      Data: Not read because read_data is set to False.
    Block 4:
      Block start:    16572167400
      Block length:   1200
      Computed start: 2022-07-07 17:59:00
      Computed stop:  2022-07-07 18:00:59.900000
      Metadata: No metadata for this block.
      Data: Not read because read_data is set to False.
    Block 5:
      Block start:    16572203400
      Block length:   1200
      Computed start: 2022-07-07 18:59:00
      Computed stop:  2022-07-07 19:00:59.900000
      Metadata: No metadata for this block.
      Data: Not read because read_data is set to False.
    Block 6:
      Block start:    16572239400
      Block length:   1200
      Computed start: 2022-07-07 19:59:00
      Computed stop:  2022-07-07 20:00:59.900000
      Metadata: No metadata for this block.
      Data: Not read because read_data is set to False.
    Block 7:
      Block start:    16572247800
      Block length:   53
      Computed start: 2022-07-07 20:13:00
      Computed stop:  2022-07-07 20:13:05.200000
      Metadata: No metadata for this block.
      Data: Not read because read_data is set to False.
    Block 8:
      Block start:    16572307560
      Block length:   240
      Computed start: 2022-07-07 21:52:36
      Computed stop:  2022-07-07 21:52:59.900000
      Metadata:
        center_frequencies: [5.]
        lat: 0.0
        long: 0.0
        sample_rate_denominator: 1
        sample_rate_numerator: 10
        uuid_str: grape19
        samples_per_second: 10.0
      Data: Not read because read_data is set to False.
    Block 9:
      Block start:    16572311400
      Block length:   1200
      Computed start: 2022-07-07 21:59:00
      Computed stop:  2022-07-07 22:00:59.900000
      Metadata: No metadata for this block.
      Data: Not read because read_data is set to False.
    Block 10:
      Block start:    16572347400
      Block length:   1200
      Computed start: 2022-07-07 22:59:00
      Computed stop:  2022-07-07 23:00:59.900000
      Metadata: No metadata for this block.
      Data: Not read because read_data is set to False.
    Block 11:
      Block start:    16572383400
      Block length:   1200
      Computed start: 2022-07-07 23:59:00
      Computed stop:  2022-07-08 00:00:59.900000
      Metadata: No metadata for this block.
      Data: Not read because read_data is set to False.
    Block 12:
      Block start:    16572419400
      Block length:   1200
      Computed start: 2022-07-08 00:59:00
      Computed stop:  2022-07-08 01:00:59.900000
      Metadata: No metadata for this block.
      Data: Not read because read_data is set to False.
    Block 13:
      Block start:    16572455400
      Block length:   1200
      Computed start: 2022-07-08 01:59:00
      Computed stop:  2022-07-08 02:00:59.900000
      Metadata: No metadata for this block.
      Data: Not read because read_data is set to False.
    Block 14:
      Block start:    16572491400
      Block length:   1200
      Computed start: 2022-07-08 02:59:00
      Computed stop:  2022-07-08 03:00:59.900000
      Metadata: No metadata for this block.
      Data: Not read because read_data is set to False.
    Block 15:
      Block start:    16572527400
      Block length:   1200
      Computed start: 2022-07-08 03:59:00
      Computed stop:  2022-07-08 04:00:59.900000
      Metadata: No metadata for this block.
      Data: Not read because read_data is set to False.
    Block 16:
      Block start:    16572563400
      Block length:   1200
      Computed start: 2022-07-08 04:59:00
      Computed stop:  2022-07-08 05:00:59.900000
      Metadata: No metadata for this block.
      Data: Not read because read_data is set to False.
    Block 17:
      Block start:    16572599400
      Block length:   1200
      Computed start: 2022-07-08 05:59:00
      Computed stop:  2022-07-08 06:00:59.900000
      Metadata: No metadata for this block.
      Data: Not read because read_data is set to False.
    Block 18:
      Block start:    16572635400
      Block length:   1200
      Computed start: 2022-07-08 06:59:00
      Computed stop:  2022-07-08 07:00:59.900000
      Metadata: No metadata for this block.
      Data: Not read because read_data is set to False.
    Block 19:
      Block start:    16572671400
      Block length:   1200
      Computed start: 2022-07-08 07:59:00
      Computed stop:  2022-07-08 08:00:59.900000
      Metadata: No metadata for this block.
      Data: Not read because read_data is set to False.
    Block 20:
      Block start:    16572707400
      Block length:   1200
      Computed start: 2022-07-08 08:59:00
      Computed stop:  2022-07-08 09:00:59.900000
      Metadata: No metadata for this block.
      Data: Not read because read_data is set to False.
    Block 21:
      Block start:    16572743400
      Block length:   1200
      Computed start: 2022-07-08 09:59:00
      Computed stop:  2022-07-08 10:00:59.900000
      Metadata: No metadata for this block.
      Data: Not read because read_data is set to False.
    Block 22:
      Block start:    16572779400
      Block length:   1200
      Computed start: 2022-07-08 10:59:00
      Computed stop:  2022-07-08 11:00:59.900000
      Metadata: No metadata for this block.
      Data: Not read because read_data is set to False.
    Block 23:
      Block start:    16572815400
      Block length:   1200
      Computed start: 2022-07-08 11:59:00
      Computed stop:  2022-07-08 12:00:59.900000
      Metadata: No metadata for this block.
      Data: Not read because read_data is set to False.
    Block 24:
      Block start:    16572851400
      Block length:   1200
      Computed start: 2022-07-08 12:59:00
      Computed stop:  2022-07-08 13:00:59.900000
      Metadata: No metadata for this block.
      Data: Not read because read_data is set to False.
    Block 25:
      Block start:    16572887400
      Block length:   1200
      Computed start: 2022-07-08 13:59:00
      Computed stop:  2022-07-08 14:00:59.900000
      Metadata: No metadata for this block.
      Data: Not read because read_data is set to False.
    Block 26:
      Block start:    16572923400
      Block length:   1200
      Computed start: 2022-07-08 14:59:00
      Computed stop:  2022-07-08 15:00:59.900000
      Metadata: No metadata for this block.
      Data: Not read because read_data is set to False.
    Block 27:
      Block start:    16572959400
      Block length:   1200
      Computed start: 2022-07-08 15:59:00
      Computed stop:  2022-07-08 16:00:59.900000
      Metadata: No metadata for this block.
      Data: Not read because read_data is set to False.
    Block 28:
      Block start:    16572995400
      Block length:   1200
      Computed start: 2022-07-08 16:59:00
      Computed stop:  2022-07-08 17:00:59.900000
      Metadata: No metadata for this block.
      Data: Not read because read_data is set to False.
    Block 29:
      Block start:    16573031400
      Block length:   1200
      Computed start: 2022-07-08 17:59:00
      Computed stop:  2022-07-08 18:00:59.900000
      Metadata: No metadata for this block.
      Data: Not read because read_data is set to False.
    Block 30:
      Block start:    16573054800
      Block length:   21
      Computed start: 2022-07-08 18:38:00
      Computed stop:  2022-07-08 18:38:02
      Metadata: No metadata for this block.
      Data: Not read because read_data is set to False.
    Block 31:
      Block start:    16577322280
      Block length:   320
      Computed start: 2022-07-13 17:10:28
      Computed stop:  2022-07-13 17:10:59.900000
      Metadata:
        center_frequencies: [5.]
        lat: 0.0
        long: 0.0
        sample_rate_denominator: 1
        sample_rate_numerator: 10
        uuid_str: grape19
        samples_per_second: 10.0
      Data: Not read because read_data is set to False.
    Block 32:
      Block start:    16577351400
      Block length:   1200
      Computed start: 2022-07-13 17:59:00
      Computed stop:  2022-07-13 18:00:59.900000
      Metadata: No metadata for this block.
      Data: Not read because read_data is set to False.
    Block 33:
      Block start:    16577358600
      Block length:   600
      Computed start: 2022-07-13 18:11:00
      Computed stop:  2022-07-13 18:11:59.900000
      Metadata: No metadata for this block.
      Data: Not read because read_data is set to False.

Station directory: /Volumes/WDMyPassport5TB-2/psws/sample_data3/S000028
Error: Error processing /Volumes/WDMyPassport5TB-2/psws/sample_data3/S000028/OBS2021-12-13T00:00: No channels found: top_level_directory_arg = /Volumes/WDMyPassport5TB-2/psws/sample_data3/S000028/OBS2021-12-13T00:00. If path is correct, you may need to run recreate_properties_file to re-create missing drf_properties.h5 files.
Reading: /Volumes/WDMyPassport5TB-2/psws/sample_data3/S000028/OBS2023-08-07T00-00
  Channels: ['ch0']
  Channel start Unix time: 16914236294
  Channel stop Unix time:  16914991302
  Properties:
    H5Tget_class: 1
    H5Tget_offset: 0
    H5Tget_order: 0
    H5Tget_precision: 32
    H5Tget_size: 4
    digital_rf_time_description: All times in this format are in number of samples since the epoch in the epoch attribute.  The first sample time will be sample_rate * UTC time at first sample.  Attribute init_utc_timestamp records this init UTC time so that a conversion to any other time is possible given the number of leapseconds difference at init_utc_timestamp.  Leapseconds that occur during data recording are included in the data.
    digital_rf_version: 2.6.0
    epoch: 1970-01-01T00:00:00Z
    file_cadence_millisecs: 60000
    is_complex: 1
    is_continuous: 1
    num_subchannels: 1
    sample_rate_denominator: 1
    sample_rate_numerator: 10
    subdir_cadence_secs: 3600
    samples_per_second: 10.0
  Computed start UTC time: 2023-08-07 15:53:49.400000
  Computed stop UTC time:  2023-08-08 12:52:10.200000

  Found 23 continuous blocks
    Block 1:
      Block start:    16914236294
      Block length:   106
      Computed start: 2023-08-07 15:53:49.400000
      Computed stop:  2023-08-07 15:53:59.900000
      Metadata:
        center_frequencies: [10.]
        lat: 41.3542
        long: -75.625
        sample_rate_denominator: 1
        sample_rate_numerator: 10
        uuid_str: grape19
        samples_per_second: 10.0
      Data: Not read because read_data is set to False.
    Block 2:
      Block start:    16914239400
      Block length:   1200
      Computed start: 2023-08-07 15:59:00
      Computed stop:  2023-08-07 16:00:59.900000
      Metadata: No metadata for this block.
      Data: Not read because read_data is set to False.
    Block 3:
      Block start:    16914275400
      Block length:   1200
      Computed start: 2023-08-07 16:59:00
      Computed stop:  2023-08-07 17:00:59.900000
      Metadata: No metadata for this block.
      Data: Not read because read_data is set to False.
    Block 4:
      Block start:    16914311400
      Block length:   1200
      Computed start: 2023-08-07 17:59:00
      Computed stop:  2023-08-07 18:00:59.900000
      Metadata: No metadata for this block.
      Data: Not read because read_data is set to False.
    Block 5:
      Block start:    16914347400
      Block length:   1200
      Computed start: 2023-08-07 18:59:00
      Computed stop:  2023-08-07 19:00:59.900000
      Metadata: No metadata for this block.
      Data: Not read because read_data is set to False.
    Block 6:
      Block start:    16914383400
      Block length:   1200
      Computed start: 2023-08-07 19:59:00
      Computed stop:  2023-08-07 20:00:59.900000
      Metadata: No metadata for this block.
      Data: Not read because read_data is set to False.
    Block 7:
      Block start:    16914419400
      Block length:   1200
      Computed start: 2023-08-07 20:59:00
      Computed stop:  2023-08-07 21:00:59.900000
      Metadata: No metadata for this block.
      Data: Not read because read_data is set to False.
    Block 8:
      Block start:    16914455400
      Block length:   1200
      Computed start: 2023-08-07 21:59:00
      Computed stop:  2023-08-07 22:00:59.900000
      Metadata: No metadata for this block.
      Data: Not read because read_data is set to False.
    Block 9:
      Block start:    16914491400
      Block length:   1200
      Computed start: 2023-08-07 22:59:00
      Computed stop:  2023-08-07 23:00:59.900000
      Metadata: No metadata for this block.
      Data: Not read because read_data is set to False.
    Block 10:
      Block start:    16914527400
      Block length:   1200
      Computed start: 2023-08-07 23:59:00
      Computed stop:  2023-08-08 00:00:59.900000
      Metadata: No metadata for this block.
      Data: Not read because read_data is set to False.
    Block 11:
      Block start:    16914563400
      Block length:   1200
      Computed start: 2023-08-08 00:59:00
      Computed stop:  2023-08-08 01:00:59.900000
      Metadata: No metadata for this block.
      Data: Not read because read_data is set to False.
    Block 12:
      Block start:    16914599400
      Block length:   1200
      Computed start: 2023-08-08 01:59:00
      Computed stop:  2023-08-08 02:00:59.900000
      Metadata: No metadata for this block.
      Data: Not read because read_data is set to False.
    Block 13:
      Block start:    16914635400
      Block length:   1200
      Computed start: 2023-08-08 02:59:00
      Computed stop:  2023-08-08 03:00:59.900000
      Metadata: No metadata for this block.
      Data: Not read because read_data is set to False.
    Block 14:
      Block start:    16914671400
      Block length:   1200
      Computed start: 2023-08-08 03:59:00
      Computed stop:  2023-08-08 04:00:59.900000
      Metadata: No metadata for this block.
      Data: Not read because read_data is set to False.
    Block 15:
      Block start:    16914707400
      Block length:   1200
      Computed start: 2023-08-08 04:59:00
      Computed stop:  2023-08-08 05:00:59.900000
      Metadata: No metadata for this block.
      Data: Not read because read_data is set to False.
    Block 16:
      Block start:    16914743400
      Block length:   1200
      Computed start: 2023-08-08 05:59:00
      Computed stop:  2023-08-08 06:00:59.900000
      Metadata: No metadata for this block.
      Data: Not read because read_data is set to False.
    Block 17:
      Block start:    16914779400
      Block length:   1200
      Computed start: 2023-08-08 06:59:00
      Computed stop:  2023-08-08 07:00:59.900000
      Metadata: No metadata for this block.
      Data: Not read because read_data is set to False.
    Block 18:
      Block start:    16914815400
      Block length:   1200
      Computed start: 2023-08-08 07:59:00
      Computed stop:  2023-08-08 08:00:59.900000
      Metadata: No metadata for this block.
      Data: Not read because read_data is set to False.
    Block 19:
      Block start:    16914851400
      Block length:   1200
      Computed start: 2023-08-08 08:59:00
      Computed stop:  2023-08-08 09:00:59.900000
      Metadata: No metadata for this block.
      Data: Not read because read_data is set to False.
    Block 20:
      Block start:    16914887400
      Block length:   1200
      Computed start: 2023-08-08 09:59:00
      Computed stop:  2023-08-08 10:00:59.900000
      Metadata: No metadata for this block.
      Data: Not read because read_data is set to False.
    Block 21:
      Block start:    16914923400
      Block length:   1200
      Computed start: 2023-08-08 10:59:00
      Computed stop:  2023-08-08 11:00:59.900000
      Metadata: No metadata for this block.
      Data: Not read because read_data is set to False.
    Block 22:
      Block start:    16914959400
      Block length:   1200
      Computed start: 2023-08-08 11:59:00
      Computed stop:  2023-08-08 12:00:59.900000
      Metadata: No metadata for this block.
      Data: Not read because read_data is set to False.
    Block 23:
      Block start:    16914991200
      Block length:   103
      Computed start: 2023-08-08 12:52:00
      Computed stop:  2023-08-08 12:52:10.200000
      Metadata: No metadata for this block.
      Data: Not read because read_data is set to False.

Station directory: /Volumes/WDMyPassport5TB-2/psws/sample_data3/S000038
Reading: /Volumes/WDMyPassport5TB-2/psws/sample_data3/S000038/OBS2023-11-12T00-00
  Channels: ['ch0']
  Channel start Unix time: 16998118769
  Channel stop Unix time:  16998335991
  Properties:
    H5Tget_class: 1
    H5Tget_offset: 0
    H5Tget_order: 0
    H5Tget_precision: 32
    H5Tget_size: 4
    digital_rf_time_description: All times in this format are in number of samples since the epoch in the epoch attribute.  The first sample time will be sample_rate * UTC time at first sample.  Attribute init_utc_timestamp records this init UTC time so that a conversion to any other time is possible given the number of leapseconds difference at init_utc_timestamp.  Leapseconds that occur during data recording are included in the data.
    digital_rf_version: 2.6.0
    epoch: 1970-01-01T00:00:00Z
    file_cadence_millisecs: 180000
    is_complex: 1
    is_continuous: 1
    num_subchannels: 1
    sample_rate_denominator: 1
    sample_rate_numerator: 10
    subdir_cadence_secs: 3600
    samples_per_second: 10.0
  Computed start UTC time: 2023-11-12 17:57:56.900000
  Computed stop UTC time:  2023-11-12 23:59:59.100000

  Found 7 continuous blocks
    Block 1:
      Block start:    16998118769
      Block length:   3031
      Computed start: 2023-11-12 17:57:56.900000
      Computed stop:  2023-11-12 18:02:59.900000
      Metadata:
        center_frequencies: [5.]
        lat: 33.396
        long: -87.542
        sample_rate_denominator: 1
        sample_rate_numerator: 10
        uuid_str: S000038
        samples_per_second: 10.0
      Data: Not read because read_data is set to False.
    Block 2:
      Block start:    16998154200
      Block length:   3600
      Computed start: 2023-11-12 18:57:00
      Computed stop:  2023-11-12 19:02:59.900000
      Metadata: No metadata for this block.
      Data: Not read because read_data is set to False.
    Block 3:
      Block start:    16998190200
      Block length:   3600
      Computed start: 2023-11-12 19:57:00
      Computed stop:  2023-11-12 20:02:59.900000
      Metadata: No metadata for this block.
      Data: Not read because read_data is set to False.
    Block 4:
      Block start:    16998226200
      Block length:   3600
      Computed start: 2023-11-12 20:57:00
      Computed stop:  2023-11-12 21:02:59.900000
      Metadata: No metadata for this block.
      Data: Not read because read_data is set to False.
    Block 5:
      Block start:    16998262200
      Block length:   3600
      Computed start: 2023-11-12 21:57:00
      Computed stop:  2023-11-12 22:02:59.900000
      Metadata: No metadata for this block.
      Data: Not read because read_data is set to False.
    Block 6:
      Block start:    16998298200
      Block length:   3600
      Computed start: 2023-11-12 22:57:00
      Computed stop:  2023-11-12 23:02:59.900000
      Metadata: No metadata for this block.
      Data: Not read because read_data is set to False.
    Block 7:
      Block start:    16998334200
      Block length:   1792
      Computed start: 2023-11-12 23:57:00
      Computed stop:  2023-11-12 23:59:59.100000
      Metadata: No metadata for this block.
      Data: Not read because read_data is set to False.

Station directory: /Volumes/WDMyPassport5TB-2/psws/sample_data3/S000042
Reading: /Volumes/WDMyPassport5TB-2/psws/sample_data3/S000042/OBS2024-03-13T00-00
  Channels: ['ch0']
  Channel start Unix time: 17102880000
  Channel stop Unix time:  17103743999
  Properties:
    H5Tget_class: 0
    H5Tget_offset: 0
    H5Tget_order: 0
    H5Tget_precision: 16
    H5Tget_size: 2
    digital_rf_time_description: All times in this format are in number of samples since the epoch in the epoch attribute.  The first sample time will be sample_rate * UTC time at first sample.  Attribute init_utc_timestamp records this init UTC time so that a conversion to any other time is possible given the number of leapseconds difference at init_utc_timestamp.  Leapseconds that occur during data recording are included in the data.
    digital_rf_version: 2.6.0
    epoch: 1970-01-01T00:00:00Z
    file_cadence_millisecs: 3600000
    is_complex: 1
    is_continuous: 1
    num_subchannels: 9
    sample_rate_denominator: 1
    sample_rate_numerator: 10
    subdir_cadence_secs: 86400
    samples_per_second: 10.0
  Computed start UTC time: 2024-03-13 00:00:00
  Computed stop UTC time:  2024-03-13 23:59:59.900000

  Found 2 continuous blocks
    Block 1:
      Block start:    17102880000
      Block length:   36000
      Computed start: 2024-03-13 00:00:00
      Computed stop:  2024-03-13 00:59:59.900000
      Metadata:
        callsign: KFS/SW
        center_frequencies: [ 2.5   3.33  5.    7.85 10.   14.67 15.   20.   25.  ]
        grid_square: CM88mc
        lat: 38.08333206176758
        long: -123.0
        receiver_name: KA9Q_0_WWV
        uuid_str: a2fc8a47924c4f28a1f8a0137e42b1fc
        sample_rate_numerator: 10
        sample_rate_denominator: 1
        samples_per_second: 10.0
      Data: Not read because read_data is set to False.
    Block 2:
      Block start:    17103708000
      Block length:   36000
      Computed start: 2024-03-13 23:00:00
      Computed stop:  2024-03-13 23:59:59.900000
      Metadata: No metadata for this block.
      Data: Not read because read_data is set to False.

Station directory: /Volumes/WDMyPassport5TB-2/psws/sample_data3/S000043
Reading: /Volumes/WDMyPassport5TB-2/psws/sample_data3/S000043/OBS2023-03-02T00-00
  Channels: ['ch0']
  Channel start Unix time: 16777627883
  Channel stop Unix time:  16777766434
  Properties:
    H5Tget_class: 1
    H5Tget_offset: 0
    H5Tget_order: 0
    H5Tget_precision: 32
    H5Tget_size: 4
    digital_rf_time_description: All times in this format are in number of samples since the epoch in the epoch attribute.  The first sample time will be sample_rate * UTC time at first sample.  Attribute init_utc_timestamp records this init UTC time so that a conversion to any other time is possible given the number of leapseconds difference at init_utc_timestamp.  Leapseconds that occur during data recording are included in the data.
    digital_rf_version: 2.6.0
    epoch: 1970-01-01T00:00:00Z
    file_cadence_millisecs: 60000
    is_complex: 1
    is_continuous: 1
    num_subchannels: 1
    sample_rate_denominator: 1
    sample_rate_numerator: 10
    subdir_cadence_secs: 3600
    samples_per_second: 10.0
  Computed start UTC time: 2023-03-02 13:13:08.300000
  Computed stop UTC time:  2023-03-02 17:04:03.400000

  Found 6 continuous blocks
    Block 1:
      Block start:    16777627883
      Block length:   517
      Computed start: 2023-03-02 13:13:08.300000
      Computed stop:  2023-03-02 13:13:59.900000
      Metadata:
        center_frequencies: [5.]
        lat: 33.396
        long: -87.542
        sample_rate_denominator: 1
        sample_rate_numerator: 10
        uuid_str: grape19
        samples_per_second: 10.0
      Data: Not read because read_data is set to False.
    Block 2:
      Block start:    16777655400
      Block length:   1200
      Computed start: 2023-03-02 13:59:00
      Computed stop:  2023-03-02 14:00:59.900000
      Metadata: No metadata for this block.
      Data: Not read because read_data is set to False.
    Block 3:
      Block start:    16777691400
      Block length:   1200
      Computed start: 2023-03-02 14:59:00
      Computed stop:  2023-03-02 15:00:59.900000
      Metadata: No metadata for this block.
      Data: Not read because read_data is set to False.
    Block 4:
      Block start:    16777727400
      Block length:   1200
      Computed start: 2023-03-02 15:59:00
      Computed stop:  2023-03-02 16:00:59.900000
      Metadata: No metadata for this block.
      Data: Not read because read_data is set to False.
    Block 5:
      Block start:    16777763400
      Block length:   1200
      Computed start: 2023-03-02 16:59:00
      Computed stop:  2023-03-02 17:00:59.900000
      Metadata: No metadata for this block.
      Data: Not read because read_data is set to False.
    Block 6:
      Block start:    16777766400
      Block length:   35
      Computed start: 2023-03-02 17:04:00
      Computed stop:  2023-03-02 17:04:03.400000
      Metadata: No metadata for this block.
      Data: Not read because read_data is set to False.

Station directory: /Volumes/WDMyPassport5TB-2/psws/sample_data3/S000044
Reading: /Volumes/WDMyPassport5TB-2/psws/sample_data3/S000044/OBS2023-08-07T00-00
  Channels: ['ch0']
  Channel start Unix time: 16914236405
  Channel stop Unix time:  17029439965
  Properties:
    H5Tget_class: 1
    H5Tget_offset: 0
    H5Tget_order: 0
    H5Tget_precision: 32
    H5Tget_size: 4
    digital_rf_time_description: All times in this format are in number of samples since the epoch in the epoch attribute.  The first sample time will be sample_rate * UTC time at first sample.  Attribute init_utc_timestamp records this init UTC time so that a conversion to any other time is possible given the number of leapseconds difference at init_utc_timestamp.  Leapseconds that occur during data recording are included in the data.
    digital_rf_version: 2.6.0
    epoch: 1970-01-01T00:00:00Z
    file_cadence_millisecs: 60000
    is_complex: 1
    is_continuous: 1
    num_subchannels: 1
    sample_rate_denominator: 1
    sample_rate_numerator: 10
    subdir_cadence_secs: 3600
    samples_per_second: 10.0
  Computed start UTC time: 2023-08-07 15:54:00.500000
  Computed stop UTC time:  2023-12-18 23:59:56.500000

  Found 17 continuous blocks
    Block 1:
      Block start:    16914236405
      Block length:   595
      Computed start: 2023-08-07 15:54:00.500000
      Computed stop:  2023-08-07 15:54:59.900000
      Metadata:
        center_frequencies: [10.]
        lat: 38.7708
        long: -77.2917
        sample_rate_denominator: 1
        sample_rate_numerator: 10
        uuid_str: grape19
        samples_per_second: 10.0
      Data: Not read because read_data is set to False.
    Block 2:
      Block start:    16914239400
      Block length:   1200
      Computed start: 2023-08-07 15:59:00
      Computed stop:  2023-08-07 16:00:59.900000
      Metadata: No metadata for this block.
      Data: Not read because read_data is set to False.
    Block 3:
      Block start:    16914275400
      Block length:   1200
      Computed start: 2023-08-07 16:59:00
      Computed stop:  2023-08-07 17:00:59.900000
      Metadata: No metadata for this block.
      Data: Not read because read_data is set to False.
    Block 4:
      Block start:    16914311400
      Block length:   1200
      Computed start: 2023-08-07 17:59:00
      Computed stop:  2023-08-07 18:00:59.900000
      Metadata: No metadata for this block.
      Data: Not read because read_data is set to False.
    Block 5:
      Block start:    16914347400
      Block length:   1200
      Computed start: 2023-08-07 18:59:00
      Computed stop:  2023-08-07 19:00:59.900000
      Metadata: No metadata for this block.
      Data: Not read because read_data is set to False.
    Block 6:
      Block start:    16914383400
      Block length:   1200
      Computed start: 2023-08-07 19:59:00
      Computed stop:  2023-08-07 20:00:59.900000
      Metadata: No metadata for this block.
      Data: Not read because read_data is set to False.
    Block 7:
      Block start:    16914419400
      Block length:   1200
      Computed start: 2023-08-07 20:59:00
      Computed stop:  2023-08-07 21:00:59.900000
      Metadata: No metadata for this block.
      Data: Not read because read_data is set to False.
    Block 8:
      Block start:    16914455400
      Block length:   1200
      Computed start: 2023-08-07 21:59:00
      Computed stop:  2023-08-07 22:00:59.900000
      Metadata: No metadata for this block.
      Data: Not read because read_data is set to False.
    Block 9:
      Block start:    16914491400
      Block length:   1200
      Computed start: 2023-08-07 22:59:00
      Computed stop:  2023-08-07 23:00:59.900000
      Metadata: No metadata for this block.
      Data: Not read because read_data is set to False.
    Block 10:
      Block start:    16914527400
      Block length:   1200
      Computed start: 2023-08-07 23:59:00
      Computed stop:  2023-08-08 00:00:59.900000
      Metadata: No metadata for this block.
      Data: Not read because read_data is set to False.
    Block 11:
      Block start:    16914563400
      Block length:   1200
      Computed start: 2023-08-08 00:59:00
      Computed stop:  2023-08-08 01:00:59.900000
      Metadata: No metadata for this block.
      Data: Not read because read_data is set to False.
    Block 12:
      Block start:    16914599400
      Block length:   1200
      Computed start: 2023-08-08 01:59:00
      Computed stop:  2023-08-08 02:00:59.900000
      Metadata: No metadata for this block.
      Data: Not read because read_data is set to False.
    Block 13:
      Block start:    16914635400
      Block length:   1200
      Computed start: 2023-08-08 02:59:00
      Computed stop:  2023-08-08 03:00:59.900000
      Metadata: No metadata for this block.
      Data: Not read because read_data is set to False.
    Block 14:
      Block start:    16914671400
      Block length:   1800
      Computed start: 2023-08-08 03:59:00
      Computed stop:  2023-08-08 04:01:59.900000
      Metadata: No metadata for this block.
      Data: Not read because read_data is set to False.
    Block 15:
      Block start:    17029375493
      Block length:   307
      Computed start: 2023-12-18 22:12:29.300000
      Computed stop:  2023-12-18 22:12:59.900000
      Metadata:
        center_frequencies: [10.]
        lat: 38.7708
        long: -77.2917
        sample_rate_denominator: 1
        sample_rate_numerator: 10
        uuid_str: grape19
        samples_per_second: 10.0
      Data: Not read because read_data is set to False.
    Block 16:
      Block start:    17029403400
      Block length:   1200
      Computed start: 2023-12-18 22:59:00
      Computed stop:  2023-12-18 23:00:59.900000
      Metadata: No metadata for this block.
      Data: Not read because read_data is set to False.
    Block 17:
      Block start:    17029439400
      Block length:   566
      Computed start: 2023-12-18 23:59:00
      Computed stop:  2023-12-18 23:59:56.500000
      Metadata: No metadata for this block.
      Data: Not read because read_data is set to False.

Station directory: /Volumes/WDMyPassport5TB-2/psws/sample_data3/S000169
Reading: /Volumes/WDMyPassport5TB-2/psws/sample_data3/S000169/OBS2024-08-05T00-00
  Channels: ['ch0']
  Channel start Unix time: 17228160000
  Channel stop Unix time:  17229023999
  Properties:
    H5Tget_class: 0
    H5Tget_offset: 0
    H5Tget_order: 0
    H5Tget_precision: 16
    H5Tget_size: 2
    digital_rf_time_description: All times in this format are in number of samples since the epoch in the epoch attribute.  The first sample time will be sample_rate * UTC time at first sample.  Attribute init_utc_timestamp records this init UTC time so that a conversion to any other time is possible given the number of leapseconds difference at init_utc_timestamp.  Leapseconds that occur during data recording are included in the data.
    digital_rf_version: 2.6.0
    epoch: 1970-01-01T00:00:00Z
    file_cadence_millisecs: 3600000
    is_complex: 1
    is_continuous: 1
    num_subchannels: 9
    sample_rate_denominator: 1
    sample_rate_numerator: 10
    subdir_cadence_secs: 86400
    samples_per_second: 10.0
  Computed start UTC time: 2024-08-05 00:00:00
  Computed stop UTC time:  2024-08-05 23:59:59.900000

  Found 2 continuous blocks
    Block 1:
      Block start:    17228160000
      Block length:   36000
      Computed start: 2024-08-05 00:00:00
      Computed stop:  2024-08-05 00:59:59.900000
      Metadata:
        callsign: AC0G/LW
        center_frequencies: [ 2.5   3.33  5.    7.85 10.   14.67 15.   20.   25.  ]
        grid_square: EM38ww
        lat: 38.91666793823242
        long: -92.16666412353516
        receiver_name: KA9Q_LONGWIRE_WWV
        uuid_str: b5ea55c54d02417b8beaac079ee74a7f
        sample_rate_numerator: 10
        sample_rate_denominator: 1
        samples_per_second: 10.0
      Data: Not read because read_data is set to False.
    Block 2:
      Block start:    17228988000
      Block length:   36000
      Computed start: 2024-08-05 23:00:00
      Computed stop:  2024-08-05 23:59:59.900000
      Metadata: No metadata for this block.
      Data: Not read because read_data is set to False.

Station directory: /Volumes/WDMyPassport5TB-2/psws/sample_data3/S000180
Reading: /Volumes/WDMyPassport5TB-2/psws/sample_data3/S000180/OBS2024-11-22T00-00
  Channels: ['ch0']
  Channel start Unix time: 17322336000
  Channel stop Unix time:  17323199999
  Properties:
    H5Tget_class: 0
    H5Tget_offset: 0
    H5Tget_order: 0
    H5Tget_precision: 16
    H5Tget_size: 2
    digital_rf_time_description: All times in this format are in number of samples since the epoch in the epoch attribute.  The first sample time will be sample_rate * UTC time at first sample.  Attribute init_utc_timestamp records this init UTC time so that a conversion to any other time is possible given the number of leapseconds difference at init_utc_timestamp.  Leapseconds that occur during data recording are included in the data.
    digital_rf_version: 2.6.0
    epoch: 1970-01-01T00:00:00Z
    file_cadence_millisecs: 3600000
    is_complex: 1
    is_continuous: 1
    num_subchannels: 9
    sample_rate_denominator: 1
    sample_rate_numerator: 10
    subdir_cadence_secs: 86400
    samples_per_second: 10.0
  Computed start UTC time: 2024-11-22 00:00:00
  Computed stop UTC time:  2024-11-22 23:59:59.900000

  Found 2 continuous blocks
    Block 1:
      Block start:    17322336000
      Block length:   36000
      Computed start: 2024-11-22 00:00:00
      Computed stop:  2024-11-22 00:59:59.900000
      Metadata:
        callsign: KC2G
        center_frequencies: [ 2.5   3.33  5.    7.85 10.   14.67 15.   20.   25.  ]
        grid_square: FN21wa
        lat: 41.0
        long: -74.16666412353516
        receiver_name: KA9Q_0_WWV
        uuid_str: 592f43c05c444f9a9a7deb929d4fe3c4
        sample_rate_numerator: 10
        sample_rate_denominator: 1
        samples_per_second: 10.0
      Data: Not read because read_data is set to False.
    Block 2:
      Block start:    17323164000
      Block length:   36000
      Computed start: 2024-11-22 23:00:00
      Computed stop:  2024-11-22 23:59:59.900000
      Metadata: No metadata for this block.
      Data: Not read because read_data is set to False.

Station directory: /Volumes/WDMyPassport5TB-2/psws/sample_data3/S000182
Reading: /Volumes/WDMyPassport5TB-2/psws/sample_data3/S000182/OBS2025-01-03T00-00
  Channels: ['ch0']
  Channel start Unix time: 17358624000
  Channel stop Unix time:  17359487999
  Properties:
    H5Tget_class: 0
    H5Tget_offset: 0
    H5Tget_order: 0
    H5Tget_precision: 16
    H5Tget_size: 2
    digital_rf_time_description: All times in this format are in number of samples since the epoch in the epoch attribute.  The first sample time will be sample_rate * UTC time at first sample.  Attribute init_utc_timestamp records this init UTC time so that a conversion to any other time is possible given the number of leapseconds difference at init_utc_timestamp.  Leapseconds that occur during data recording are included in the data.
    digital_rf_version: 2.6.0
    epoch: 1970-01-01T00:00:00Z
    file_cadence_millisecs: 3600000
    is_complex: 1
    is_continuous: 1
    num_subchannels: 9
    sample_rate_denominator: 1
    sample_rate_numerator: 10
    subdir_cadence_secs: 86400
    samples_per_second: 10.0
  Computed start UTC time: 2025-01-03 00:00:00
  Computed stop UTC time:  2025-01-03 23:59:59.900000

  Found 2 continuous blocks
    Block 1:
      Block start:    17358624000
      Block length:   36000
      Computed start: 2025-01-03 00:00:00
      Computed stop:  2025-01-03 00:59:59.900000
      Metadata:
        callsign: K0RX
        center_frequencies: [ 2.5   3.33  5.    7.85 10.   14.67 15.   20.   25.  ]
        grid_square: EN41fq
        lat: 41.66666793823242
        long: -91.58333587646484
        receiver_name: KA9Q_0_WWV
        uuid_str: 8aba0fda6cab484ca54251afadac0d59
        sample_rate_numerator: 10
        sample_rate_denominator: 1
        samples_per_second: 10.0
      Data: Not read because read_data is set to False.
    Block 2:
      Block start:    17359452000
      Block length:   36000
      Computed start: 2025-01-03 23:00:00
      Computed stop:  2025-01-03 23:59:59.900000
      Metadata: No metadata for this block.
      Data: Not read because read_data is set to False.

Station directory: /Volumes/WDMyPassport5TB-2/psws/sample_data3/S000183
No 'OBS' directories found in /Volumes/WDMyPassport5TB-2/psws/sample_data3/S000183

Station directory: /Volumes/WDMyPassport5TB-2/psws/sample_data3/S000184
No 'OBS' directories found in /Volumes/WDMyPassport5TB-2/psws/sample_data3/S000184
