
----------------------------------------------------------------------------------------------------------
S000004
  Station directory: /Volumes/WDMyPassport5TB-2/psws/sample_data3/S000004
  first_last = False and n=1 gave 1 sample dirs out of 420.

  Sample: OBS2022-07-07T15-00
    Channels: ['ch0']
    Channel start index: 16572069320
    Channel stop index:  16577359199
    Properties:
      H5Tget_class: 1
      H5Tget_offset: 0
      H5Tget_order: 0
      H5Tget_precision: 32
      H5Tget_size: 4
      digital_rf_time_description: All times in this format are in number of samples since the epoch in the epoch attribute.  The first sample time will be sample_rate * UTC time at first sample.  Attribute init_utc_timestamp records this init UTC time so that a conversion to any other time is possible given the number of leapseconds difference at init_utc_timestamp.  Leapseconds that occur during data recording are included in the data.
      digital_rf_version: 2.6.0
      epoch: 1970-01-01T00:00:00Z
      file_cadence_millisecs: 60000
      is_complex: 1
      is_continuous: 1
      num_subchannels: 1
      sample_rate_denominator: 1
      sample_rate_numerator: 10
      subdir_cadence_secs: 3600
      samples_per_second: 10.0
    Computed sample start seconds since epoch: 1657206932.0 = (start index)/samples_per_second
    Computed sample stop seconds since epoch:  1657735919.9 = (end index)/samples_per_second
    Computed sample start UTC time: 2022-07-07T15:15:32.000000Z
    Computed sample stop UTC time:  2022-07-13T18:11:59.900000Z

    Found 33 continuous blocks
      Block 1:
        Block start:    16572069320
        Block length:   280
        Computed start: 2022-07-07 15:15:32+00:00
        Computed stop:  2022-07-07 15:15:59.900000+00:00
        Metadata:
          center_frequencies: [5.]
          lat: 0.0
          long: 0.0
          sample_rate_denominator: 1
          sample_rate_numerator: 10
          uuid_str: grape19
          samples_per_second: 10.0
        Data: Not read because read_samples is set to False.
      Block 2:
        Block start:    16572095400
        Block length:   1200
        Computed start: 2022-07-07 15:59:00+00:00
        Computed stop:  2022-07-07 16:00:59.900000+00:00
        Metadata: No metadata for this block.
        Data: Not read because read_samples is set to False.
      Block 3:
        Block start:    16572131400
        Block length:   1200
        Computed start: 2022-07-07 16:59:00+00:00
        Computed stop:  2022-07-07 17:00:59.900000+00:00
        Metadata: No metadata for this block.
        Data: Not read because read_samples is set to False.
      Block 4:
        Block start:    16572167400
        Block length:   1200
        Computed start: 2022-07-07 17:59:00+00:00
        Computed stop:  2022-07-07 18:00:59.900000+00:00
        Metadata: No metadata for this block.
        Data: Not read because read_samples is set to False.
      Block 5:
        Block start:    16572203400
        Block length:   1200
        Computed start: 2022-07-07 18:59:00+00:00
        Computed stop:  2022-07-07 19:00:59.900000+00:00
        Metadata: No metadata for this block.
        Data: Not read because read_samples is set to False.
      Block 6:
        Block start:    16572239400
        Block length:   1200
        Computed start: 2022-07-07 19:59:00+00:00
        Computed stop:  2022-07-07 20:00:59.900000+00:00
        Metadata: No metadata for this block.
        Data: Not read because read_samples is set to False.
      Block 7:
        Block start:    16572247800
        Block length:   53
        Computed start: 2022-07-07 20:13:00+00:00
        Computed stop:  2022-07-07 20:13:05.200000+00:00
        Metadata: No metadata for this block.
        Data: Not read because read_samples is set to False.
      Block 8:
        Block start:    16572307560
        Block length:   240
        Computed start: 2022-07-07 21:52:36+00:00
        Computed stop:  2022-07-07 21:52:59.900000+00:00
        Metadata:
          center_frequencies: [5.]
          lat: 0.0
          long: 0.0
          sample_rate_denominator: 1
          sample_rate_numerator: 10
          uuid_str: grape19
          samples_per_second: 10.0
        Comparing metadata for this block to that of the first block.
        Keeping block: No metadata differences found.
        Data: Not read because read_samples is set to False.
      Block 9:
        Block start:    16572311400
        Block length:   1200
        Computed start: 2022-07-07 21:59:00+00:00
        Computed stop:  2022-07-07 22:00:59.900000+00:00
        Metadata: No metadata for this block.
        Data: Not read because read_samples is set to False.
      Block 10:
        Block start:    16572347400
        Block length:   1200
        Computed start: 2022-07-07 22:59:00+00:00
        Computed stop:  2022-07-07 23:00:59.900000+00:00
        Metadata: No metadata for this block.
        Data: Not read because read_samples is set to False.
      Block 11:
        Block start:    16572383400
        Block length:   1200
        Computed start: 2022-07-07 23:59:00+00:00
        Computed stop:  2022-07-08 00:00:59.900000+00:00
        Metadata: No metadata for this block.
        Data: Not read because read_samples is set to False.
      Block 12:
        Block start:    16572419400
        Block length:   1200
        Computed start: 2022-07-08 00:59:00+00:00
        Computed stop:  2022-07-08 01:00:59.900000+00:00
        Metadata: No metadata for this block.
        Data: Not read because read_samples is set to False.
      Block 13:
        Block start:    16572455400
        Block length:   1200
        Computed start: 2022-07-08 01:59:00+00:00
        Computed stop:  2022-07-08 02:00:59.900000+00:00
        Metadata: No metadata for this block.
        Data: Not read because read_samples is set to False.
      Block 14:
        Block start:    16572491400
        Block length:   1200
        Computed start: 2022-07-08 02:59:00+00:00
        Computed stop:  2022-07-08 03:00:59.900000+00:00
        Metadata: No metadata for this block.
        Data: Not read because read_samples is set to False.
      Block 15:
        Block start:    16572527400
        Block length:   1200
        Computed start: 2022-07-08 03:59:00+00:00
        Computed stop:  2022-07-08 04:00:59.900000+00:00
        Metadata: No metadata for this block.
        Data: Not read because read_samples is set to False.
      Block 16:
        Block start:    16572563400
        Block length:   1200
        Computed start: 2022-07-08 04:59:00+00:00
        Computed stop:  2022-07-08 05:00:59.900000+00:00
        Metadata: No metadata for this block.
        Data: Not read because read_samples is set to False.
      Block 17:
        Block start:    16572599400
        Block length:   1200
        Computed start: 2022-07-08 05:59:00+00:00
        Computed stop:  2022-07-08 06:00:59.900000+00:00
        Metadata: No metadata for this block.
        Data: Not read because read_samples is set to False.
      Block 18:
        Block start:    16572635400
        Block length:   1200
        Computed start: 2022-07-08 06:59:00+00:00
        Computed stop:  2022-07-08 07:00:59.900000+00:00
        Metadata: No metadata for this block.
        Data: Not read because read_samples is set to False.
      Block 19:
        Block start:    16572671400
        Block length:   1200
        Computed start: 2022-07-08 07:59:00+00:00
        Computed stop:  2022-07-08 08:00:59.900000+00:00
        Metadata: No metadata for this block.
        Data: Not read because read_samples is set to False.
      Block 20:
        Block start:    16572707400
        Block length:   1200
        Computed start: 2022-07-08 08:59:00+00:00
        Computed stop:  2022-07-08 09:00:59.900000+00:00
        Metadata: No metadata for this block.
        Data: Not read because read_samples is set to False.
      Block 21:
        Block start:    16572743400
        Block length:   1200
        Computed start: 2022-07-08 09:59:00+00:00
        Computed stop:  2022-07-08 10:00:59.900000+00:00
        Metadata: No metadata for this block.
        Data: Not read because read_samples is set to False.
      Block 22:
        Block start:    16572779400
        Block length:   1200
        Computed start: 2022-07-08 10:59:00+00:00
        Computed stop:  2022-07-08 11:00:59.900000+00:00
        Metadata: No metadata for this block.
        Data: Not read because read_samples is set to False.
      Block 23:
        Block start:    16572815400
        Block length:   1200
        Computed start: 2022-07-08 11:59:00+00:00
        Computed stop:  2022-07-08 12:00:59.900000+00:00
        Metadata: No metadata for this block.
        Data: Not read because read_samples is set to False.
      Block 24:
        Block start:    16572851400
        Block length:   1200
        Computed start: 2022-07-08 12:59:00+00:00
        Computed stop:  2022-07-08 13:00:59.900000+00:00
        Metadata: No metadata for this block.
        Data: Not read because read_samples is set to False.
      Block 25:
        Block start:    16572887400
        Block length:   1200
        Computed start: 2022-07-08 13:59:00+00:00
        Computed stop:  2022-07-08 14:00:59.900000+00:00
        Metadata: No metadata for this block.
        Data: Not read because read_samples is set to False.
      Block 26:
        Block start:    16572923400
        Block length:   1200
        Computed start: 2022-07-08 14:59:00+00:00
        Computed stop:  2022-07-08 15:00:59.900000+00:00
        Metadata: No metadata for this block.
        Data: Not read because read_samples is set to False.
      Block 27:
        Block start:    16572959400
        Block length:   1200
        Computed start: 2022-07-08 15:59:00+00:00
        Computed stop:  2022-07-08 16:00:59.900000+00:00
        Metadata: No metadata for this block.
        Data: Not read because read_samples is set to False.
      Block 28:
        Block start:    16572995400
        Block length:   1200
        Computed start: 2022-07-08 16:59:00+00:00
        Computed stop:  2022-07-08 17:00:59.900000+00:00
        Metadata: No metadata for this block.
        Data: Not read because read_samples is set to False.
      Block 29:
        Block start:    16573031400
        Block length:   1200
        Computed start: 2022-07-08 17:59:00+00:00
        Computed stop:  2022-07-08 18:00:59.900000+00:00
        Metadata: No metadata for this block.
        Data: Not read because read_samples is set to False.
      Block 30:
        Block start:    16573054800
        Block length:   21
        Computed start: 2022-07-08 18:38:00+00:00
        Computed stop:  2022-07-08 18:38:02+00:00
        Metadata: No metadata for this block.
        Data: Not read because read_samples is set to False.
      Block 31:
        Block start:    16577322280
        Block length:   320
        Computed start: 2022-07-13 17:10:28+00:00
        Computed stop:  2022-07-13 17:10:59.900000+00:00
        Metadata:
          center_frequencies: [5.]
          lat: 0.0
          long: 0.0
          sample_rate_denominator: 1
          sample_rate_numerator: 10
          uuid_str: grape19
          samples_per_second: 10.0
        Comparing metadata for this block to that of the first block.
        Keeping block: No metadata differences found.
        Data: Not read because read_samples is set to False.
      Block 32:
        Block start:    16577351400
        Block length:   1200
        Computed start: 2022-07-13 17:59:00+00:00
        Computed stop:  2022-07-13 18:00:59.900000+00:00
        Metadata: No metadata for this block.
        Data: Not read because read_samples is set to False.
      Block 33:
        Block start:    16577358600
        Block length:   600
        Computed start: 2022-07-13 18:11:00+00:00
        Computed stop:  2022-07-13 18:11:59.900000+00:00
        Metadata: No metadata for this block.
        Data: Not read because read_samples is set to False.
  Time to read sample: 1.1378 seconds
  Time to read cached sample: 0.0029 seconds
  Speedup from caching: 387.56x
  --------------------------------------------------------------------------------------------------------
  Summary: /Volumes/WDMyPassport5TB-2/psws/sample_data3/S000004
  --------------------------------------------------------------------------------------------------------
    Samples considered:
      OBS2022-07-07T15-00
        skipped blocks:     0 of 33
        num_subchannels:    1
        center_frequencies: [5.0]
    Dataset times and data not returned because return_samples = False.
  --------------------------------------------------------------------------------------------------------