
-----------------------------------------------------------------------------------------------------------
S000028
  Station directory: /Volumes/WDMyPassport5TB-2/psws/sample_data3/S000028
  first_last = False and n=2 gave 2 sample dirs out of 459.


  Sample: OBS2023-08-07T00-00
    Channels: ['ch0']
    Channel start index: 16914236294
    Channel stop index:  16914991302
    Properties:
      H5Tget_class: 1
      H5Tget_offset: 0
      H5Tget_order: 0
      H5Tget_precision: 32
      H5Tget_size: 4
      digital_rf_time_description: All times in this format are in number of samples since the epoch in the epoch attribute.  The first sample time will be sample_rate * UTC time at first sample.  Attribute init_utc_timestamp records this init UTC time so that a conversion to any other time is possible given the number of leapseconds difference at init_utc_timestamp.  Leapseconds that occur during data recording are included in the data.
      digital_rf_version: 2.6.0
      epoch: 1970-01-01T00:00:00Z
      file_cadence_millisecs: 60000
      is_complex: 1
      is_continuous: 1
      num_subchannels: 1
      sample_rate_denominator: 1
      sample_rate_numerator: 10
      subdir_cadence_secs: 3600
      samples_per_second: 10.0
    Computed sample start seconds since epoch: 1691423629.4 = (start index)/samples_per_second
    Computed sample stop seconds since epoch:  1691499130.2 = (end index)/samples_per_second
    Computed sample start UTC time: 2023-08-07T15:53:49.400000Z
    Computed sample stop UTC time:  2023-08-08T12:52:10.200000Z

    Found 23 continuous blocks
      Block 1:
        Block start:    16914236294
        Block length:   106
        Computed start: 2023-08-07 15:53:49.400000+00:00
        Computed stop:  2023-08-07 15:53:59.900000+00:00
        Metadata:
          center_frequencies: [10.]
          lat: 41.3542
          long: -75.625
          sample_rate_denominator: 1
          sample_rate_numerator: 10
          uuid_str: grape19
          samples_per_second: 10.0
        Data: Not read because read_samples is set to False.
      Block 2:
        Block start:    16914239400
        Block length:   1200
        Computed start: 2023-08-07 15:59:00+00:00
        Computed stop:  2023-08-07 16:00:59.900000+00:00
        Metadata: No metadata for this block.
        Data: Not read because read_samples is set to False.
      Block 3:
        Block start:    16914275400
        Block length:   1200
        Computed start: 2023-08-07 16:59:00+00:00
        Computed stop:  2023-08-07 17:00:59.900000+00:00
        Metadata: No metadata for this block.
        Data: Not read because read_samples is set to False.
      Block 4:
        Block start:    16914311400
        Block length:   1200
        Computed start: 2023-08-07 17:59:00+00:00
        Computed stop:  2023-08-07 18:00:59.900000+00:00
        Metadata: No metadata for this block.
        Data: Not read because read_samples is set to False.
      Block 5:
        Block start:    16914347400
        Block length:   1200
        Computed start: 2023-08-07 18:59:00+00:00
        Computed stop:  2023-08-07 19:00:59.900000+00:00
        Metadata: No metadata for this block.
        Data: Not read because read_samples is set to False.
      Block 6:
        Block start:    16914383400
        Block length:   1200
        Computed start: 2023-08-07 19:59:00+00:00
        Computed stop:  2023-08-07 20:00:59.900000+00:00
        Metadata: No metadata for this block.
        Data: Not read because read_samples is set to False.
      Block 7:
        Block start:    16914419400
        Block length:   1200
        Computed start: 2023-08-07 20:59:00+00:00
        Computed stop:  2023-08-07 21:00:59.900000+00:00
        Metadata: No metadata for this block.
        Data: Not read because read_samples is set to False.
      Block 8:
        Block start:    16914455400
        Block length:   1200
        Computed start: 2023-08-07 21:59:00+00:00
        Computed stop:  2023-08-07 22:00:59.900000+00:00
        Metadata: No metadata for this block.
        Data: Not read because read_samples is set to False.
      Block 9:
        Block start:    16914491400
        Block length:   1200
        Computed start: 2023-08-07 22:59:00+00:00
        Computed stop:  2023-08-07 23:00:59.900000+00:00
        Metadata: No metadata for this block.
        Data: Not read because read_samples is set to False.
      Block 10:
        Block start:    16914527400
        Block length:   1200
        Computed start: 2023-08-07 23:59:00+00:00
        Computed stop:  2023-08-08 00:00:59.900000+00:00
        Metadata: No metadata for this block.
        Data: Not read because read_samples is set to False.
      Block 11:
        Block start:    16914563400
        Block length:   1200
        Computed start: 2023-08-08 00:59:00+00:00
        Computed stop:  2023-08-08 01:00:59.900000+00:00
        Metadata: No metadata for this block.
        Data: Not read because read_samples is set to False.
      Block 12:
        Block start:    16914599400
        Block length:   1200
        Computed start: 2023-08-08 01:59:00+00:00
        Computed stop:  2023-08-08 02:00:59.900000+00:00
        Metadata: No metadata for this block.
        Data: Not read because read_samples is set to False.
      Block 13:
        Block start:    16914635400
        Block length:   1200
        Computed start: 2023-08-08 02:59:00+00:00
        Computed stop:  2023-08-08 03:00:59.900000+00:00
        Metadata: No metadata for this block.
        Data: Not read because read_samples is set to False.
      Block 14:
        Block start:    16914671400
        Block length:   1200
        Computed start: 2023-08-08 03:59:00+00:00
        Computed stop:  2023-08-08 04:00:59.900000+00:00
        Metadata: No metadata for this block.
        Data: Not read because read_samples is set to False.
      Block 15:
        Block start:    16914707400
        Block length:   1200
        Computed start: 2023-08-08 04:59:00+00:00
        Computed stop:  2023-08-08 05:00:59.900000+00:00
        Metadata: No metadata for this block.
        Data: Not read because read_samples is set to False.
      Block 16:
        Block start:    16914743400
        Block length:   1200
        Computed start: 2023-08-08 05:59:00+00:00
        Computed stop:  2023-08-08 06:00:59.900000+00:00
        Metadata: No metadata for this block.
        Data: Not read because read_samples is set to False.
      Block 17:
        Block start:    16914779400
        Block length:   1200
        Computed start: 2023-08-08 06:59:00+00:00
        Computed stop:  2023-08-08 07:00:59.900000+00:00
        Metadata: No metadata for this block.
        Data: Not read because read_samples is set to False.
      Block 18:
        Block start:    16914815400
        Block length:   1200
        Computed start: 2023-08-08 07:59:00+00:00
        Computed stop:  2023-08-08 08:00:59.900000+00:00
        Metadata: No metadata for this block.
        Data: Not read because read_samples is set to False.
      Block 19:
        Block start:    16914851400
        Block length:   1200
        Computed start: 2023-08-08 08:59:00+00:00
        Computed stop:  2023-08-08 09:00:59.900000+00:00
        Metadata: No metadata for this block.
        Data: Not read because read_samples is set to False.
      Block 20:
        Block start:    16914887400
        Block length:   1200
        Computed start: 2023-08-08 09:59:00+00:00
        Computed stop:  2023-08-08 10:00:59.900000+00:00
        Metadata: No metadata for this block.
        Data: Not read because read_samples is set to False.
      Block 21:
        Block start:    16914923400
        Block length:   1200
        Computed start: 2023-08-08 10:59:00+00:00
        Computed stop:  2023-08-08 11:00:59.900000+00:00
        Metadata: No metadata for this block.
        Data: Not read because read_samples is set to False.
      Block 22:
        Block start:    16914959400
        Block length:   1200
        Computed start: 2023-08-08 11:59:00+00:00
        Computed stop:  2023-08-08 12:00:59.900000+00:00
        Metadata: No metadata for this block.
        Data: Not read because read_samples is set to False.
      Block 23:
        Block start:    16914991200
        Block length:   103
        Computed start: 2023-08-08 12:52:00+00:00
        Computed stop:  2023-08-08 12:52:10.200000+00:00
        Metadata: No metadata for this block.
        Data: Not read because read_samples is set to False.
  Time to read sample: 0.1707 seconds
  Caching sample metadata to /Users/rweigel/git/hapi/server-python-new/server-python-general-psws/bin/digital-rf/cache/S000028/OBS2023-08-07T00-00.meta.pkl
  ---------------------------------------------------------------------------------------------------------
  Summary: /Volumes/WDMyPassport5TB-2/psws/sample_data3/S000028
  ---------------------------------------------------------------------------------------------------------
    Samples considered:
      OBS2023-08-07T00-00
        skipped blocks:     0 of 23
        num_subchannels:    1
        center_frequencies: [10.0]
    Dataset times and data not returned because return_samples = False.
  ---------------------------------------------------------------------------------------------------------